{"level":"info","message":"hello"}
{"level":"info","message":"OK"}
{"level":"error","message":"ERROR"}
{"level":"error","message":"ERROR"}
{"kind":"ObjectId","message":"Cast to ObjectId failed for value \"65f14e80a2404a2255e1e41\" (type string) at path \"_id\" for model \"Booking\"","name":"CastError","path":"_id","reason":{},"stringValue":"\"65f14e80a2404a2255e1e41\"","value":"65f14e80a2404a2255e1e41","valueType":"string"}
{"level":"error","message":"NOT FOUND USER"}
{"level":"error","message":"NOT FOUND USER"}
{"level":"error","message":"NOT FOUND USER"}
{"kind":"ObjectId","message":"Cast to ObjectId failed for value \"status=pending\" (type string) at path \"_id\" for model \"Booking\"","name":"CastError","path":"_id","reason":{},"stringValue":"\"status=pending\"","value":"status=pending","valueType":"string"}
{"level":"error"}
{"level":"error"}
{"kind":"ObjectId","message":"Cast to ObjectId failed for value \"status=pending\" (type string) at path \"_id\" for model \"Booking\"","name":"CastError","path":"_id","reason":{},"stringValue":"\"status=pending\"","value":"status=pending","valueType":"string"}
{"level":"error"}
{"level":"error"}
{"level":"error"}
{"level":"error","message":"ERROR NOT FOUND"}
{"level":"error","message":"ERROR NOT FOUND USER"}
{"level":"error","message":"ERROR MissingSchemaError: Schema hasn't been registered for model \"Driver\".\nUse mongoose.model(name, schema)"}
{"level":"error","message":"ERROR MissingSchemaError: Schema hasn't been registered for model \"Driver\".\nUse mongoose.model(name, schema)"}
{"level":"error","message":"ERROR MissingSchemaError: Schema hasn't been registered for model \"Driver\".\nUse mongoose.model(name, schema)"}
{"level":"error","message":"ERROR MissingSchemaError: Schema hasn't been registered for model \"Driver\".\nUse mongoose.model(name, schema)"}
{"level":"error","message":"ERROR CastError: Cast to ObjectId failed for value \"v\" (type string) at path \"_id\" for model \"Booking\""}
{"level":"error","message":"ERROR MissingSchemaError: Schema hasn't been registered for model \"Driver\".\nUse mongoose.model(name, schema)"}
{"level":"error","message":"ERROR MissingSchemaError: Schema hasn't been registered for model \"Customer\".\nUse mongoose.model(name, schema)"}
{"level":"error","message":"ERROR MissingSchemaError: Schema hasn't been registered for model \"Customer\".\nUse mongoose.model(name, schema)"}
{"level":"error","message":"ERROR MissingSchemaError: Schema hasn't been registered for model \"Customer\".\nUse mongoose.model(name, schema)"}
{"level":"error","message":"ERROR MissingSchemaError: Schema hasn't been registered for model \"Driver\".\nUse mongoose.model(name, schema)"}
{"level":"error","message":"ERROR MissingSchemaError: Schema hasn't been registered for model \"Driver\".\nUse mongoose.model(name, schema)"}
